This is pdfeTeX, Version 3.141592-1.30.4-2.2 (Web2C 7.5.5) (format=latex 2006.11.9)  16 FEB 2009 22:41
entering extended mode
**acl-ijcnlp2009
(./acl-ijcnlp2009.tex
LaTeX2e <2005/12/01>
Babel <v3.8d> and hyphenation patterns for american, french, german, ngerman, b
ahasa, basque, bulgarian, catalan, croatian, czech, danish, dutch, esperanto, e
stonian, finnish, greek, icelandic, irish, italian, latin, magyar, norsk, polis
h, portuges, romanian, russian, serbian, slovak, slovene, spanish, swedish, tur
kish, ukrainian, nohyphenation, loaded.
(/usr/local/teTeX/share/texmf.local/tex/latex/base/article.cls
Document Class: article 2005/09/16 v1.4f Standard LaTeX document class
(/usr/local/teTeX/share/texmf.local/tex/latex/base/size11.clo
File: size11.clo 2005/09/16 v1.4f Standard LaTeX file (size option)
)
\c@part=\count79
\c@section=\count80
\c@subsection=\count81
\c@subsubsection=\count82
\c@paragraph=\count83
\c@subparagraph=\count84
\c@figure=\count85
\c@table=\count86
\abovecaptionskip=\skip41
\belowcaptionskip=\skip42
\bibindent=\dimen102
)
(./acl-ijcnlp2009.sty
Conference Style for ACL 2005 -- released Octobe 11, 2004
\titlebox=\skip43
) (/usr/local/teTeX/share/texmf.local/tex/latex/graphics/epsfig.sty
Package: epsfig 1999/02/16 v1.7a (e)psfig emulation (SPQR)

(/usr/local/teTeX/share/texmf.local/tex/latex/graphics/graphicx.sty
Package: graphicx 1999/02/16 v1.0f Enhanced LaTeX Graphics (DPC,SPQR)

(/usr/local/teTeX/share/texmf.local/tex/latex/graphics/keyval.sty
Package: keyval 1999/03/16 v1.13 key=value parser (DPC)
\KV@toks@=\toks14
)
(/usr/local/teTeX/share/texmf.local/tex/latex/graphics/graphics.sty
Package: graphics 2006/02/20 v1.0o Standard LaTeX Graphics (DPC,SPQR)

(/usr/local/teTeX/share/texmf.local/tex/latex/graphics/trig.sty
Package: trig 1999/03/16 v1.09 sin cos tan (DPC)
)
(/usr/local/teTeX/share/texmf.tetex/tex/latex/graphics/graphics.cfg
File: graphics.cfg 2005/02/03 v1.3 graphics configuration of teTeX/TeXLive
)
Package graphics Info: Driver file: dvips.def on input line 90.

(/usr/local/teTeX/share/texmf.local/tex/latex/graphics/dvips.def
File: dvips.def 1999/02/16 v3.0i Driver-dependant file (DPC,SPQR)
))
\Gin@req@height=\dimen103
\Gin@req@width=\dimen104
)
\epsfxsize=\dimen105
\epsfysize=\dimen106
)
(/usr/local/teTeX/share/texmf.tetex/tex/latex/psnfss/times.sty
Package: times 2004/09/15 PSNFSS-v9.2 (SPQR) 
)
(/usr/local/teTeX/share/texmf.local/tex/latex/html/url.sty
Package: url 1999/03/02  ver 1.4  Verb mode for urls, email addresses, and file
 names
)
(/usr/local/teTeX/share/texmf.local/tex/latex/base/latexsym.sty
Package: latexsym 1998/08/17 v2.2e Standard LaTeX package (lasy symbols)
\symlasy=\mathgroup4
LaTeX Font Info:    Overwriting symbol font `lasy' in version `bold'
(Font)                  U/lasy/m/n --> U/lasy/b/n on input line 47.
)
(./acl-ijcnlp2009.aux)
\openout1 = `acl-ijcnlp2009.aux'.

LaTeX Font Info:    Checking defaults for OML/cmm/m/it on input line 24.
LaTeX Font Info:    ... okay on input line 24.
LaTeX Font Info:    Checking defaults for T1/cmr/m/n on input line 24.
LaTeX Font Info:    ... okay on input line 24.
LaTeX Font Info:    Checking defaults for OT1/cmr/m/n on input line 24.
LaTeX Font Info:    ... okay on input line 24.
LaTeX Font Info:    Checking defaults for OMS/cmsy/m/n on input line 24.
LaTeX Font Info:    ... okay on input line 24.
LaTeX Font Info:    Checking defaults for OMX/cmex/m/n on input line 24.
LaTeX Font Info:    ... okay on input line 24.
LaTeX Font Info:    Checking defaults for U/cmr/m/n on input line 24.
LaTeX Font Info:    ... okay on input line 24.
LaTeX Font Info:    Try loading font information for OT1+ptm on input line 24.

(/usr/local/teTeX/share/texmf.tetex/tex/latex/psnfss/ot1ptm.fd
File: ot1ptm.fd 2001/06/04 font definitions for OT1/ptm.
)
LaTeX Font Info:    Font shape `OT1/ptm/bx/n' in size <14.4> not available
(Font)              Font shape `OT1/ptm/b/n' tried instead on input line 26.
LaTeX Font Info:    External font `cmex10' loaded for size
(Font)              <12> on input line 26.
LaTeX Font Info:    External font `cmex10' loaded for size
(Font)              <8> on input line 26.
LaTeX Font Info:    External font `cmex10' loaded for size
(Font)              <6> on input line 26.
LaTeX Font Info:    Try loading font information for U+lasy on input line 26.

(/usr/local/teTeX/share/texmf.local/tex/latex/base/ulasy.fd
File: ulasy.fd 1998/08/17 v2.2e LaTeX symbol font definitions
)
LaTeX Font Info:    Font shape `OT1/ptm/bx/n' in size <12> not available
(Font)              Font shape `OT1/ptm/b/n' tried instead on input line 26.
LaTeX Font Info:    Try loading font information for OT1+pcr on input line 26.

(/usr/local/teTeX/share/texmf.tetex/tex/latex/psnfss/ot1pcr.fd
File: ot1pcr.fd 2001/06/04 font definitions for OT1/pcr.
)
LaTeX Font Info:    Font shape `OT1/ptm/bx/n' in size <10.95> not available
(Font)              Font shape `OT1/ptm/b/n' tried instead on input line 48.
LaTeX Font Info:    External font `cmex10' loaded for size
(Font)              <10.95> on input line 64.

Underfull \hbox (badness 3930) in paragraph at lines 74--76
[]\OT1/ptm/m/n/10.95 Writing does not of-ten con-tain ex-plicit
 []

[1



] [2]
Underfull \hbox (badness 1448) in paragraph at lines 184--188
\OT1/ptm/m/n/10.95 We also fil-ter out the nouns in prepo-si-tional
 []


LaTeX Warning: Citation `mihalcea04pagerankwsd' on page 3 undefined on input li
ne 218.


Underfull \hbox (badness 2932) in paragraph at lines 227--233
[]\OT1/ptm/m/n/10.95 The se-man-tic sim-i-lar-ity met-ric de-fined by
 []

LaTeX Font Info:    External font `cmex10' loaded for size
(Font)              <9> on input line 235.
LaTeX Font Info:    External font `cmex10' loaded for size
(Font)              <5> on input line 235.

Underfull \hbox (badness 2856) in paragraph at lines 235--238
[]$\OML/cmm/m/it/9 similarity\OT1/cmr/m/n/9 (\OML/cmm/m/it/9 A; B\OT1/cmr/m/n/9
 ) = \OML/cmm/m/it/9 score\OT1/cmr/m/n/9 (\OML/cmm/m/it/9 gloss\OT1/cmr/m/n/9 (
\OML/cmm/m/it/9 A\OT1/cmr/m/n/9 )\OML/cmm/m/it/9 ; gloss\OT1/cmr/m/n/9 (\OML/cm
m/m/it/9 b\OT1/cmr/m/n/9 )) +
 []


Underfull \hbox (badness 10000) in paragraph at lines 235--238
\OML/cmm/m/it/9 score\OT1/cmr/m/n/9 (\OML/cmm/m/it/9 hyper\OT1/cmr/m/n/9 (\OML/
cmm/m/it/9 A\OT1/cmr/m/n/9 )\OML/cmm/m/it/9 ; hyper\OT1/cmr/m/n/9 (\OML/cmm/m/i
t/9 B\OT1/cmr/m/n/9 )) +
 []


Underfull \hbox (badness 10000) in paragraph at lines 235--238
\OML/cmm/m/it/9 score\OT1/cmr/m/n/9 (\OML/cmm/m/it/9 hypo\OT1/cmr/m/n/9 (\OML/c
mm/m/it/9 A\OT1/cmr/m/n/9 )\OML/cmm/m/it/9 ; hypo\OT1/cmr/m/n/9 (\OML/cmm/m/it/
9 B\OT1/cmr/m/n/9 )) +
 []

[3]
Underfull \hbox (badness 2197) in paragraph at lines 269--274
[]\OT1/ptm/m/n/10.95 The fi-nal step uti-liz-ing PageR-ank and the
 []


Overfull \hbox (6.79985pt too wide) detected at line 277
\OML/cmm/m/it/9 PairScore\OT1/cmr/m/n/9 (\OML/cmm/m/it/9 nvn\OT1/cmr/m/n/9 ) = 
[]
 []

[4] [5] (./acl-ijcnlp2009.bbl
Missing character: There is no â in font ptmr7t!
Missing character: There is no € in font ptmr7t!
Missing character: There is no “ in font ptmr7t!
Missing character: There is no â in font ptmr7t!
Missing character: There is no € in font ptmr7t!
Missing character: There is no “ in font ptmr7t!
 [6]
Missing character: There is no â in font ptmr7t!
Missing character: There is no € in font ptmr7t!
Missing character: There is no “ in font ptmr7t!
) [7

] (./acl-ijcnlp2009.aux) ) 
Here is how much of TeX's memory you used:
 781 strings out of 94413
 10306 string characters out of 1172342
 2054365 words of memory out of 4505929
 4022 multiletter control sequences out of 10000+50000
 14244 words of font info for 46 fonts, out of 2000000 for 2000
 582 hyphenation exceptions out of 5000
 32i,9n,21p,220b,256s stack positions out of 5000i,500n,6000p,200000b,40000s

Output written on acl-ijcnlp2009.dvi (7 pages, 39864 bytes).
